[1.357s] DEBUG:colcon:Command line arguments: ['/usr/local/bin/colcon', 'build']
[1.357s] DEBUG:colcon:Parsed command line arguments: Namespace(ament_cmake_args=None, base_paths=['.'], build_base='build', catkin_cmake_args=None, catkin_skip_building_tests=False, cmake_args=None, cmake_clean_cache=False, cmake_clean_first=False, cmake_force_configure=False, cmake_target=None, cmake_target_skip_unavailable=False, continue_on_error=False, event_handlers=None, executor='parallel', ignore_user_meta=False, install_base='install', log_base=None, log_level=None, main=<bound method BuildVerb.main of <colcon_core.verb.build.BuildVerb object at 0x7fa2bd6ff4e0>>, merge_install=False, metas=['./colcon.meta'], packages_above=None, packages_above_and_dependencies=None, packages_above_depth=None, packages_end=None, packages_ignore=None, packages_ignore_regex=None, packages_select=None, packages_select_build_failed=False, packages_select_by_dep=None, packages_select_regex=None, packages_select_test_failures=False, packages_skip=None, packages_skip_build_finished=False, packages_skip_by_dep=None, packages_skip_regex=None, packages_skip_test_passed=False, packages_skip_up_to=None, packages_start=None, packages_up_to=None, packages_up_to_regex=None, parallel_workers=2, paths=None, symlink_install=False, test_result_base=None, verb_extension=<colcon_core.verb.build.BuildVerb object at 0x7fa2bd6ff4e0>, verb_name='build', verb_parser=<colcon_defaults.argument_parser.defaults.DefaultArgumentsDecorator object at 0x7fa2bd6ff8d0>)
[1.404s] Level 1:colcon.colcon_core.package_discovery:discover_packages(colcon_meta) check parameters
[1.404s] Level 1:colcon.colcon_core.package_discovery:discover_packages(recursive) check parameters
[1.404s] Level 1:colcon.colcon_core.package_discovery:discover_packages(ignore) check parameters
[1.404s] Level 1:colcon.colcon_core.package_discovery:discover_packages(path) check parameters
[1.404s] Level 1:colcon.colcon_core.package_discovery:discover_packages(colcon_meta) discover
[1.405s] Level 1:colcon.colcon_core.package_discovery:discover_packages(recursive) discover
[1.405s] INFO:colcon.colcon_core.package_discovery:Crawling recursively for packages in '/home/ubuntu/environment/aws-robomaker-sample-application-delivery-challenge'
[1.405s] Level 1:colcon.colcon_core.package_identification:_identify(.) by extensions ['ignore', 'ignore_ament_install']
[1.405s] Level 1:colcon.colcon_core.package_identification:_identify(.) by extension 'ignore'
[1.405s] Level 1:colcon.colcon_core.package_identification:_identify(.) by extension 'ignore_ament_install'
[1.405s] Level 1:colcon.colcon_core.package_identification:_identify(.) by extensions ['colcon_pkg']
[1.405s] Level 1:colcon.colcon_core.package_identification:_identify(.) by extension 'colcon_pkg'
[1.405s] Level 1:colcon.colcon_core.package_identification:_identify(.) by extensions ['colcon_meta']
[1.405s] Level 1:colcon.colcon_core.package_identification:_identify(.) by extension 'colcon_meta'
[1.405s] Level 1:colcon.colcon_core.package_identification:_identify(.) by extensions ['ros']
[1.405s] Level 1:colcon.colcon_core.package_identification:_identify(.) by extension 'ros'
[1.433s] Level 1:colcon.colcon_core.package_identification:_identify(.) by extensions ['cmake', 'python']
[1.433s] Level 1:colcon.colcon_core.package_identification:_identify(.) by extension 'cmake'
[1.433s] Level 1:colcon.colcon_core.package_identification:_identify(.) by extension 'python'
[1.433s] Level 1:colcon.colcon_core.package_identification:_identify(.) by extensions ['python_setup_py']
[1.433s] Level 1:colcon.colcon_core.package_identification:_identify(.) by extension 'python_setup_py'
[1.433s] Level 1:colcon.colcon_core.package_identification:_identify(browser) by extensions ['ignore', 'ignore_ament_install']
[1.433s] Level 1:colcon.colcon_core.package_identification:_identify(browser) by extension 'ignore'
[1.433s] Level 1:colcon.colcon_core.package_identification:_identify(browser) by extension 'ignore_ament_install'
[1.434s] Level 1:colcon.colcon_core.package_identification:_identify(browser) by extensions ['colcon_pkg']
[1.434s] Level 1:colcon.colcon_core.package_identification:_identify(browser) by extension 'colcon_pkg'
[1.434s] Level 1:colcon.colcon_core.package_identification:_identify(browser) by extensions ['colcon_meta']
[1.434s] Level 1:colcon.colcon_core.package_identification:_identify(browser) by extension 'colcon_meta'
[1.434s] Level 1:colcon.colcon_core.package_identification:_identify(browser) by extensions ['ros']
[1.434s] Level 1:colcon.colcon_core.package_identification:_identify(browser) by extension 'ros'
[1.434s] Level 1:colcon.colcon_core.package_identification:_identify(browser) by extensions ['cmake', 'python']
[1.434s] Level 1:colcon.colcon_core.package_identification:_identify(browser) by extension 'cmake'
[1.434s] Level 1:colcon.colcon_core.package_identification:_identify(browser) by extension 'python'
[1.434s] Level 1:colcon.colcon_core.package_identification:_identify(browser) by extensions ['python_setup_py']
[1.434s] Level 1:colcon.colcon_core.package_identification:_identify(browser) by extension 'python_setup_py'
[1.434s] Level 1:colcon.colcon_core.package_identification:_identify(browser/css) by extensions ['ignore', 'ignore_ament_install']
[1.435s] Level 1:colcon.colcon_core.package_identification:_identify(browser/css) by extension 'ignore'
[1.435s] Level 1:colcon.colcon_core.package_identification:_identify(browser/css) by extension 'ignore_ament_install'
[1.435s] Level 1:colcon.colcon_core.package_identification:_identify(browser/css) by extensions ['colcon_pkg']
[1.435s] Level 1:colcon.colcon_core.package_identification:_identify(browser/css) by extension 'colcon_pkg'
[1.435s] Level 1:colcon.colcon_core.package_identification:_identify(browser/css) by extensions ['colcon_meta']
[1.435s] Level 1:colcon.colcon_core.package_identification:_identify(browser/css) by extension 'colcon_meta'
[1.435s] Level 1:colcon.colcon_core.package_identification:_identify(browser/css) by extensions ['ros']
[1.435s] Level 1:colcon.colcon_core.package_identification:_identify(browser/css) by extension 'ros'
[1.435s] Level 1:colcon.colcon_core.package_identification:_identify(browser/css) by extensions ['cmake', 'python']
[1.435s] Level 1:colcon.colcon_core.package_identification:_identify(browser/css) by extension 'cmake'
[1.435s] Level 1:colcon.colcon_core.package_identification:_identify(browser/css) by extension 'python'
[1.435s] Level 1:colcon.colcon_core.package_identification:_identify(browser/css) by extensions ['python_setup_py']
[1.435s] Level 1:colcon.colcon_core.package_identification:_identify(browser/css) by extension 'python_setup_py'
[1.436s] Level 1:colcon.colcon_core.package_identification:_identify(browser/img) by extensions ['ignore', 'ignore_ament_install']
[1.436s] Level 1:colcon.colcon_core.package_identification:_identify(browser/img) by extension 'ignore'
[1.436s] Level 1:colcon.colcon_core.package_identification:_identify(browser/img) by extension 'ignore_ament_install'
[1.436s] Level 1:colcon.colcon_core.package_identification:_identify(browser/img) by extensions ['colcon_pkg']
[1.436s] Level 1:colcon.colcon_core.package_identification:_identify(browser/img) by extension 'colcon_pkg'
[1.436s] Level 1:colcon.colcon_core.package_identification:_identify(browser/img) by extensions ['colcon_meta']
[1.436s] Level 1:colcon.colcon_core.package_identification:_identify(browser/img) by extension 'colcon_meta'
[1.436s] Level 1:colcon.colcon_core.package_identification:_identify(browser/img) by extensions ['ros']
[1.436s] Level 1:colcon.colcon_core.package_identification:_identify(browser/img) by extension 'ros'
[1.436s] Level 1:colcon.colcon_core.package_identification:_identify(browser/img) by extensions ['cmake', 'python']
[1.436s] Level 1:colcon.colcon_core.package_identification:_identify(browser/img) by extension 'cmake'
[1.436s] Level 1:colcon.colcon_core.package_identification:_identify(browser/img) by extension 'python'
[1.436s] Level 1:colcon.colcon_core.package_identification:_identify(browser/img) by extensions ['python_setup_py']
[1.437s] Level 1:colcon.colcon_core.package_identification:_identify(browser/img) by extension 'python_setup_py'
[1.437s] Level 1:colcon.colcon_core.package_identification:_identify(browser/js) by extensions ['ignore', 'ignore_ament_install']
[1.437s] Level 1:colcon.colcon_core.package_identification:_identify(browser/js) by extension 'ignore'
[1.437s] Level 1:colcon.colcon_core.package_identification:_identify(browser/js) by extension 'ignore_ament_install'
[1.437s] Level 1:colcon.colcon_core.package_identification:_identify(browser/js) by extensions ['colcon_pkg']
[1.437s] Level 1:colcon.colcon_core.package_identification:_identify(browser/js) by extension 'colcon_pkg'
[1.437s] Level 1:colcon.colcon_core.package_identification:_identify(browser/js) by extensions ['colcon_meta']
[1.437s] Level 1:colcon.colcon_core.package_identification:_identify(browser/js) by extension 'colcon_meta'
[1.437s] Level 1:colcon.colcon_core.package_identification:_identify(browser/js) by extensions ['ros']
[1.437s] Level 1:colcon.colcon_core.package_identification:_identify(browser/js) by extension 'ros'
[1.437s] Level 1:colcon.colcon_core.package_identification:_identify(browser/js) by extensions ['cmake', 'python']
[1.437s] Level 1:colcon.colcon_core.package_identification:_identify(browser/js) by extension 'cmake'
[1.438s] Level 1:colcon.colcon_core.package_identification:_identify(browser/js) by extension 'python'
[1.438s] Level 1:colcon.colcon_core.package_identification:_identify(browser/js) by extensions ['python_setup_py']
[1.438s] Level 1:colcon.colcon_core.package_identification:_identify(browser/js) by extension 'python_setup_py'
[1.438s] Level 1:colcon.colcon_core.package_identification:_identify(build) by extensions ['ignore', 'ignore_ament_install']
[1.438s] Level 1:colcon.colcon_core.package_identification:_identify(build) by extension 'ignore'
[1.438s] Level 1:colcon.colcon_core.package_identification:_identify(build) ignored
[1.438s] Level 1:colcon.colcon_core.package_identification:_identify(cf_templates) by extensions ['ignore', 'ignore_ament_install']
[1.439s] Level 1:colcon.colcon_core.package_identification:_identify(cf_templates) by extension 'ignore'
[1.439s] Level 1:colcon.colcon_core.package_identification:_identify(cf_templates) by extension 'ignore_ament_install'
[1.439s] Level 1:colcon.colcon_core.package_identification:_identify(cf_templates) by extensions ['colcon_pkg']
[1.439s] Level 1:colcon.colcon_core.package_identification:_identify(cf_templates) by extension 'colcon_pkg'
[1.439s] Level 1:colcon.colcon_core.package_identification:_identify(cf_templates) by extensions ['colcon_meta']
[1.439s] Level 1:colcon.colcon_core.package_identification:_identify(cf_templates) by extension 'colcon_meta'
[1.439s] Level 1:colcon.colcon_core.package_identification:_identify(cf_templates) by extensions ['ros']
[1.439s] Level 1:colcon.colcon_core.package_identification:_identify(cf_templates) by extension 'ros'
[1.439s] Level 1:colcon.colcon_core.package_identification:_identify(cf_templates) by extensions ['cmake', 'python']
[1.439s] Level 1:colcon.colcon_core.package_identification:_identify(cf_templates) by extension 'cmake'
[1.439s] Level 1:colcon.colcon_core.package_identification:_identify(cf_templates) by extension 'python'
[1.439s] Level 1:colcon.colcon_core.package_identification:_identify(cf_templates) by extensions ['python_setup_py']
[1.439s] Level 1:colcon.colcon_core.package_identification:_identify(cf_templates) by extension 'python_setup_py'
[1.440s] Level 1:colcon.colcon_core.package_identification:_identify(contest) by extensions ['ignore', 'ignore_ament_install']
[1.440s] Level 1:colcon.colcon_core.package_identification:_identify(contest) by extension 'ignore'
[1.440s] Level 1:colcon.colcon_core.package_identification:_identify(contest) by extension 'ignore_ament_install'
[1.440s] Level 1:colcon.colcon_core.package_identification:_identify(contest) by extensions ['colcon_pkg']
[1.440s] Level 1:colcon.colcon_core.package_identification:_identify(contest) by extension 'colcon_pkg'
[1.440s] Level 1:colcon.colcon_core.package_identification:_identify(contest) by extensions ['colcon_meta']
[1.440s] Level 1:colcon.colcon_core.package_identification:_identify(contest) by extension 'colcon_meta'
[1.440s] Level 1:colcon.colcon_core.package_identification:_identify(contest) by extensions ['ros']
[1.440s] Level 1:colcon.colcon_core.package_identification:_identify(contest) by extension 'ros'
[1.440s] Level 1:colcon.colcon_core.package_identification:_identify(contest) by extensions ['cmake', 'python']
[1.440s] Level 1:colcon.colcon_core.package_identification:_identify(contest) by extension 'cmake'
[1.441s] Level 1:colcon.colcon_core.package_identification:_identify(contest) by extension 'python'
[1.441s] Level 1:colcon.colcon_core.package_identification:_identify(contest) by extensions ['python_setup_py']
[1.441s] Level 1:colcon.colcon_core.package_identification:_identify(contest) by extension 'python_setup_py'
[1.441s] Level 1:colcon.colcon_core.package_identification:_identify(contest/docs) by extensions ['ignore', 'ignore_ament_install']
[1.441s] Level 1:colcon.colcon_core.package_identification:_identify(contest/docs) by extension 'ignore'
[1.441s] Level 1:colcon.colcon_core.package_identification:_identify(contest/docs) by extension 'ignore_ament_install'
[1.441s] Level 1:colcon.colcon_core.package_identification:_identify(contest/docs) by extensions ['colcon_pkg']
[1.441s] Level 1:colcon.colcon_core.package_identification:_identify(contest/docs) by extension 'colcon_pkg'
[1.441s] Level 1:colcon.colcon_core.package_identification:_identify(contest/docs) by extensions ['colcon_meta']
[1.441s] Level 1:colcon.colcon_core.package_identification:_identify(contest/docs) by extension 'colcon_meta'
[1.441s] Level 1:colcon.colcon_core.package_identification:_identify(contest/docs) by extensions ['ros']
[1.441s] Level 1:colcon.colcon_core.package_identification:_identify(contest/docs) by extension 'ros'
[1.442s] Level 1:colcon.colcon_core.package_identification:_identify(contest/docs) by extensions ['cmake', 'python']
[1.442s] Level 1:colcon.colcon_core.package_identification:_identify(contest/docs) by extension 'cmake'
[1.442s] Level 1:colcon.colcon_core.package_identification:_identify(contest/docs) by extension 'python'
[1.442s] Level 1:colcon.colcon_core.package_identification:_identify(contest/docs) by extensions ['python_setup_py']
[1.442s] Level 1:colcon.colcon_core.package_identification:_identify(contest/docs) by extension 'python_setup_py'
[1.442s] Level 1:colcon.colcon_core.package_identification:_identify(contest/docs/images) by extensions ['ignore', 'ignore_ament_install']
[1.442s] Level 1:colcon.colcon_core.package_identification:_identify(contest/docs/images) by extension 'ignore'
[1.442s] Level 1:colcon.colcon_core.package_identification:_identify(contest/docs/images) by extension 'ignore_ament_install'
[1.442s] Level 1:colcon.colcon_core.package_identification:_identify(contest/docs/images) by extensions ['colcon_pkg']
[1.442s] Level 1:colcon.colcon_core.package_identification:_identify(contest/docs/images) by extension 'colcon_pkg'
[1.442s] Level 1:colcon.colcon_core.package_identification:_identify(contest/docs/images) by extensions ['colcon_meta']
[1.442s] Level 1:colcon.colcon_core.package_identification:_identify(contest/docs/images) by extension 'colcon_meta'
[1.443s] Level 1:colcon.colcon_core.package_identification:_identify(contest/docs/images) by extensions ['ros']
[1.443s] Level 1:colcon.colcon_core.package_identification:_identify(contest/docs/images) by extension 'ros'
[1.443s] Level 1:colcon.colcon_core.package_identification:_identify(contest/docs/images) by extensions ['cmake', 'python']
[1.443s] Level 1:colcon.colcon_core.package_identification:_identify(contest/docs/images) by extension 'cmake'
[1.443s] Level 1:colcon.colcon_core.package_identification:_identify(contest/docs/images) by extension 'python'
[1.443s] Level 1:colcon.colcon_core.package_identification:_identify(contest/docs/images) by extensions ['python_setup_py']
[1.443s] Level 1:colcon.colcon_core.package_identification:_identify(contest/docs/images) by extension 'python_setup_py'
[1.443s] Level 1:colcon.colcon_core.package_identification:_identify(contest/expert) by extensions ['ignore', 'ignore_ament_install']
[1.443s] Level 1:colcon.colcon_core.package_identification:_identify(contest/expert) by extension 'ignore'
[1.443s] Level 1:colcon.colcon_core.package_identification:_identify(contest/expert) by extension 'ignore_ament_install'
[1.443s] Level 1:colcon.colcon_core.package_identification:_identify(contest/expert) by extensions ['colcon_pkg']
[1.444s] Level 1:colcon.colcon_core.package_identification:_identify(contest/expert) by extension 'colcon_pkg'
[1.444s] Level 1:colcon.colcon_core.package_identification:_identify(contest/expert) by extensions ['colcon_meta']
[1.444s] Level 1:colcon.colcon_core.package_identification:_identify(contest/expert) by extension 'colcon_meta'
[1.444s] Level 1:colcon.colcon_core.package_identification:_identify(contest/expert) by extensions ['ros']
[1.444s] Level 1:colcon.colcon_core.package_identification:_identify(contest/expert) by extension 'ros'
[1.444s] Level 1:colcon.colcon_core.package_identification:_identify(contest/expert) by extensions ['cmake', 'python']
[1.444s] Level 1:colcon.colcon_core.package_identification:_identify(contest/expert) by extension 'cmake'
[1.444s] Level 1:colcon.colcon_core.package_identification:_identify(contest/expert) by extension 'python'
[1.444s] Level 1:colcon.colcon_core.package_identification:_identify(contest/expert) by extensions ['python_setup_py']
[1.444s] Level 1:colcon.colcon_core.package_identification:_identify(contest/expert) by extension 'python_setup_py'
[1.444s] Level 1:colcon.colcon_core.package_identification:_identify(contest/expert/cf_templates) by extensions ['ignore', 'ignore_ament_install']
[1.444s] Level 1:colcon.colcon_core.package_identification:_identify(contest/expert/cf_templates) by extension 'ignore'
[1.445s] Level 1:colcon.colcon_core.package_identification:_identify(contest/expert/cf_templates) by extension 'ignore_ament_install'
[1.445s] Level 1:colcon.colcon_core.package_identification:_identify(contest/expert/cf_templates) by extensions ['colcon_pkg']
[1.445s] Level 1:colcon.colcon_core.package_identification:_identify(contest/expert/cf_templates) by extension 'colcon_pkg'
[1.445s] Level 1:colcon.colcon_core.package_identification:_identify(contest/expert/cf_templates) by extensions ['colcon_meta']
[1.445s] Level 1:colcon.colcon_core.package_identification:_identify(contest/expert/cf_templates) by extension 'colcon_meta'
[1.445s] Level 1:colcon.colcon_core.package_identification:_identify(contest/expert/cf_templates) by extensions ['ros']
[1.445s] Level 1:colcon.colcon_core.package_identification:_identify(contest/expert/cf_templates) by extension 'ros'
[1.445s] Level 1:colcon.colcon_core.package_identification:_identify(contest/expert/cf_templates) by extensions ['cmake', 'python']
[1.445s] Level 1:colcon.colcon_core.package_identification:_identify(contest/expert/cf_templates) by extension 'cmake'
[1.445s] Level 1:colcon.colcon_core.package_identification:_identify(contest/expert/cf_templates) by extension 'python'
[1.445s] Level 1:colcon.colcon_core.package_identification:_identify(contest/expert/cf_templates) by extensions ['python_setup_py']
[1.445s] Level 1:colcon.colcon_core.package_identification:_identify(contest/expert/cf_templates) by extension 'python_setup_py'
[1.446s] Level 1:colcon.colcon_core.package_identification:_identify(contest/expert/install_utils) by extensions ['ignore', 'ignore_ament_install']
[1.446s] Level 1:colcon.colcon_core.package_identification:_identify(contest/expert/install_utils) by extension 'ignore'
[1.446s] Level 1:colcon.colcon_core.package_identification:_identify(contest/expert/install_utils) by extension 'ignore_ament_install'
[1.446s] Level 1:colcon.colcon_core.package_identification:_identify(contest/expert/install_utils) by extensions ['colcon_pkg']
[1.446s] Level 1:colcon.colcon_core.package_identification:_identify(contest/expert/install_utils) by extension 'colcon_pkg'
[1.446s] Level 1:colcon.colcon_core.package_identification:_identify(contest/expert/install_utils) by extensions ['colcon_meta']
[1.446s] Level 1:colcon.colcon_core.package_identification:_identify(contest/expert/install_utils) by extension 'colcon_meta'
[1.446s] Level 1:colcon.colcon_core.package_identification:_identify(contest/expert/install_utils) by extensions ['ros']
[1.446s] Level 1:colcon.colcon_core.package_identification:_identify(contest/expert/install_utils) by extension 'ros'
[1.446s] Level 1:colcon.colcon_core.package_identification:_identify(contest/expert/install_utils) by extensions ['cmake', 'python']
[1.446s] Level 1:colcon.colcon_core.package_identification:_identify(contest/expert/install_utils) by extension 'cmake'
[1.446s] Level 1:colcon.colcon_core.package_identification:_identify(contest/expert/install_utils) by extension 'python'
[1.446s] Level 1:colcon.colcon_core.package_identification:_identify(contest/expert/install_utils) by extensions ['python_setup_py']
[1.447s] Level 1:colcon.colcon_core.package_identification:_identify(contest/expert/install_utils) by extension 'python_setup_py'
[1.447s] Level 1:colcon.colcon_core.package_identification:_identify(contest/expert/robot_ws) by extensions ['ignore', 'ignore_ament_install']
[1.447s] Level 1:colcon.colcon_core.package_identification:_identify(contest/expert/robot_ws) by extension 'ignore'
[1.447s] Level 1:colcon.colcon_core.package_identification:_identify(contest/expert/robot_ws) by extension 'ignore_ament_install'
[1.447s] Level 1:colcon.colcon_core.package_identification:_identify(contest/expert/robot_ws) by extensions ['colcon_pkg']
[1.447s] Level 1:colcon.colcon_core.package_identification:_identify(contest/expert/robot_ws) by extension 'colcon_pkg'
[1.447s] Level 1:colcon.colcon_core.package_identification:_identify(contest/expert/robot_ws) by extensions ['colcon_meta']
[1.447s] Level 1:colcon.colcon_core.package_identification:_identify(contest/expert/robot_ws) by extension 'colcon_meta'
[1.447s] Level 1:colcon.colcon_core.package_identification:_identify(contest/expert/robot_ws) by extensions ['ros']
[1.447s] Level 1:colcon.colcon_core.package_identification:_identify(contest/expert/robot_ws) by extension 'ros'
[1.448s] Level 1:colcon.colcon_core.package_identification:_identify(contest/expert/robot_ws) by extensions ['cmake', 'python']
[1.448s] Level 1:colcon.colcon_core.package_identification:_identify(contest/expert/robot_ws) by extension 'cmake'
[1.448s] Level 1:colcon.colcon_core.package_identification:_identify(contest/expert/robot_ws) by extension 'python'
[1.448s] Level 1:colcon.colcon_core.package_identification:_identify(contest/expert/robot_ws) by extensions ['python_setup_py']
[1.448s] Level 1:colcon.colcon_core.package_identification:_identify(contest/expert/robot_ws) by extension 'python_setup_py'
[1.448s] Level 1:colcon.colcon_core.package_identification:_identify(contest/expert/robot_ws/build) by extensions ['ignore', 'ignore_ament_install']
[1.448s] Level 1:colcon.colcon_core.package_identification:_identify(contest/expert/robot_ws/build) by extension 'ignore'
[1.448s] Level 1:colcon.colcon_core.package_identification:_identify(contest/expert/robot_ws/build) ignored
[1.448s] Level 1:colcon.colcon_core.package_identification:_identify(contest/expert/robot_ws/bundle) by extensions ['ignore', 'ignore_ament_install']
[1.448s] Level 1:colcon.colcon_core.package_identification:_identify(contest/expert/robot_ws/bundle) by extension 'ignore'
[1.449s] Level 1:colcon.colcon_core.package_identification:_identify(contest/expert/robot_ws/bundle) ignored
[1.449s] Level 1:colcon.colcon_core.package_identification:_identify(contest/expert/robot_ws/install) by extensions ['ignore', 'ignore_ament_install']
[1.449s] Level 1:colcon.colcon_core.package_identification:_identify(contest/expert/robot_ws/install) by extension 'ignore'
[1.449s] Level 1:colcon.colcon_core.package_identification:_identify(contest/expert/robot_ws/install) ignored
[1.449s] Level 1:colcon.colcon_core.package_identification:_identify(contest/expert/robot_ws/log) by extensions ['ignore', 'ignore_ament_install']
[1.449s] Level 1:colcon.colcon_core.package_identification:_identify(contest/expert/robot_ws/log) by extension 'ignore'
[1.449s] Level 1:colcon.colcon_core.package_identification:_identify(contest/expert/robot_ws/log) ignored
[1.449s] Level 1:colcon.colcon_core.package_identification:_identify(contest/expert/robot_ws/src) by extensions ['ignore', 'ignore_ament_install']
[1.450s] Level 1:colcon.colcon_core.package_identification:_identify(contest/expert/robot_ws/src) by extension 'ignore'
[1.450s] Level 1:colcon.colcon_core.package_identification:_identify(contest/expert/robot_ws/src) by extension 'ignore_ament_install'
[1.450s] Level 1:colcon.colcon_core.package_identification:_identify(contest/expert/robot_ws/src) by extensions ['colcon_pkg']
[1.450s] Level 1:colcon.colcon_core.package_identification:_identify(contest/expert/robot_ws/src) by extension 'colcon_pkg'
[1.450s] Level 1:colcon.colcon_core.package_identification:_identify(contest/expert/robot_ws/src) by extensions ['colcon_meta']
[1.450s] Level 1:colcon.colcon_core.package_identification:_identify(contest/expert/robot_ws/src) by extension 'colcon_meta'
[1.450s] Level 1:colcon.colcon_core.package_identification:_identify(contest/expert/robot_ws/src) by extensions ['ros']
[1.450s] Level 1:colcon.colcon_core.package_identification:_identify(contest/expert/robot_ws/src) by extension 'ros'
[1.450s] Level 1:colcon.colcon_core.package_identification:_identify(contest/expert/robot_ws/src) by extensions ['cmake', 'python']
[1.450s] Level 1:colcon.colcon_core.package_identification:_identify(contest/expert/robot_ws/src) by extension 'cmake'
[1.450s] Level 1:colcon.colcon_core.package_identification:_identify(contest/expert/robot_ws/src) by extension 'python'
[1.450s] Level 1:colcon.colcon_core.package_identification:_identify(contest/expert/robot_ws/src) by extensions ['python_setup_py']
[1.451s] Level 1:colcon.colcon_core.package_identification:_identify(contest/expert/robot_ws/src) by extension 'python_setup_py'
[1.451s] Level 1:colcon.colcon_core.package_identification:_identify(contest/expert/robot_ws/src/aws_game_manager) by extensions ['ignore', 'ignore_ament_install']
[1.451s] Level 1:colcon.colcon_core.package_identification:_identify(contest/expert/robot_ws/src/aws_game_manager) by extension 'ignore'
[1.451s] Level 1:colcon.colcon_core.package_identification:_identify(contest/expert/robot_ws/src/aws_game_manager) by extension 'ignore_ament_install'
[1.451s] Level 1:colcon.colcon_core.package_identification:_identify(contest/expert/robot_ws/src/aws_game_manager) by extensions ['colcon_pkg']
[1.451s] Level 1:colcon.colcon_core.package_identification:_identify(contest/expert/robot_ws/src/aws_game_manager) by extension 'colcon_pkg'
[1.451s] Level 1:colcon.colcon_core.package_identification:_identify(contest/expert/robot_ws/src/aws_game_manager) by extensions ['colcon_meta']
[1.451s] Level 1:colcon.colcon_core.package_identification:_identify(contest/expert/robot_ws/src/aws_game_manager) by extension 'colcon_meta'
[1.451s] Level 1:colcon.colcon_core.package_identification:_identify(contest/expert/robot_ws/src/aws_game_manager) by extensions ['ros']
[1.451s] Level 1:colcon.colcon_core.package_identification:_identify(contest/expert/robot_ws/src/aws_game_manager) by extension 'ros'
[1.458s] DEBUG:colcon.colcon_core.package_identification:Package 'contest/expert/robot_ws/src/aws_game_manager' with type 'ros.catkin' and name 'aws_game_manager'
[1.459s] Level 1:colcon.colcon_core.package_identification:_identify(contest/expert/robot_ws/src/delivery_robot_sample) by extensions ['ignore', 'ignore_ament_install']
[1.459s] Level 1:colcon.colcon_core.package_identification:_identify(contest/expert/robot_ws/src/delivery_robot_sample) by extension 'ignore'
[1.459s] Level 1:colcon.colcon_core.package_identification:_identify(contest/expert/robot_ws/src/delivery_robot_sample) by extension 'ignore_ament_install'
[1.459s] Level 1:colcon.colcon_core.package_identification:_identify(contest/expert/robot_ws/src/delivery_robot_sample) by extensions ['colcon_pkg']
[1.459s] Level 1:colcon.colcon_core.package_identification:_identify(contest/expert/robot_ws/src/delivery_robot_sample) by extension 'colcon_pkg'
[1.459s] Level 1:colcon.colcon_core.package_identification:_identify(contest/expert/robot_ws/src/delivery_robot_sample) by extensions ['colcon_meta']
[1.459s] Level 1:colcon.colcon_core.package_identification:_identify(contest/expert/robot_ws/src/delivery_robot_sample) by extension 'colcon_meta'
[1.460s] Level 1:colcon.colcon_core.package_identification:_identify(contest/expert/robot_ws/src/delivery_robot_sample) by extensions ['ros']
[1.460s] Level 1:colcon.colcon_core.package_identification:_identify(contest/expert/robot_ws/src/delivery_robot_sample) by extension 'ros'
[1.462s] DEBUG:colcon.colcon_core.package_identification:Package 'contest/expert/robot_ws/src/delivery_robot_sample' with type 'ros.catkin' and name 'delivery_robot_sample'
[1.462s] Level 1:colcon.colcon_core.package_identification:_identify(contest/expert/robot_ws/src/turtlebot3) by extensions ['ignore', 'ignore_ament_install']
[1.462s] Level 1:colcon.colcon_core.package_identification:_identify(contest/expert/robot_ws/src/turtlebot3) by extension 'ignore'
[1.462s] Level 1:colcon.colcon_core.package_identification:_identify(contest/expert/robot_ws/src/turtlebot3) by extension 'ignore_ament_install'
[1.462s] Level 1:colcon.colcon_core.package_identification:_identify(contest/expert/robot_ws/src/turtlebot3) by extensions ['colcon_pkg']
[1.462s] Level 1:colcon.colcon_core.package_identification:_identify(contest/expert/robot_ws/src/turtlebot3) by extension 'colcon_pkg'
[1.462s] Level 1:colcon.colcon_core.package_identification:_identify(contest/expert/robot_ws/src/turtlebot3) by extensions ['colcon_meta']
[1.462s] Level 1:colcon.colcon_core.package_identification:_identify(contest/expert/robot_ws/src/turtlebot3) by extension 'colcon_meta'
[1.463s] Level 1:colcon.colcon_core.package_identification:_identify(contest/expert/robot_ws/src/turtlebot3) by extensions ['ros']
[1.463s] Level 1:colcon.colcon_core.package_identification:_identify(contest/expert/robot_ws/src/turtlebot3) by extension 'ros'
[1.463s] Level 1:colcon.colcon_core.package_identification:_identify(contest/expert/robot_ws/src/turtlebot3) by extensions ['cmake', 'python']
[1.463s] Level 1:colcon.colcon_core.package_identification:_identify(contest/expert/robot_ws/src/turtlebot3) by extension 'cmake'
[1.463s] Level 1:colcon.colcon_core.package_identification:_identify(contest/expert/robot_ws/src/turtlebot3) by extension 'python'
[1.463s] Level 1:colcon.colcon_core.package_identification:_identify(contest/expert/robot_ws/src/turtlebot3) by extensions ['python_setup_py']
[1.463s] Level 1:colcon.colcon_core.package_identification:_identify(contest/expert/robot_ws/src/turtlebot3) by extension 'python_setup_py'
[1.463s] Level 1:colcon.colcon_core.package_identification:_identify(contest/expert/robot_ws/src/turtlebot3/turtlebot3_description) by extensions ['ignore', 'ignore_ament_install']
[1.463s] Level 1:colcon.colcon_core.package_identification:_identify(contest/expert/robot_ws/src/turtlebot3/turtlebot3_description) by extension 'ignore'
[1.463s] Level 1:colcon.colcon_core.package_identification:_identify(contest/expert/robot_ws/src/turtlebot3/turtlebot3_description) by extension 'ignore_ament_install'
[1.464s] Level 1:colcon.colcon_core.package_identification:_identify(contest/expert/robot_ws/src/turtlebot3/turtlebot3_description) by extensions ['colcon_pkg']
[1.464s] Level 1:colcon.colcon_core.package_identification:_identify(contest/expert/robot_ws/src/turtlebot3/turtlebot3_description) by extension 'colcon_pkg'
[1.464s] Level 1:colcon.colcon_core.package_identification:_identify(contest/expert/robot_ws/src/turtlebot3/turtlebot3_description) by extensions ['colcon_meta']
[1.464s] Level 1:colcon.colcon_core.package_identification:_identify(contest/expert/robot_ws/src/turtlebot3/turtlebot3_description) by extension 'colcon_meta'
[1.464s] Level 1:colcon.colcon_core.package_identification:_identify(contest/expert/robot_ws/src/turtlebot3/turtlebot3_description) by extensions ['ros']
[1.464s] Level 1:colcon.colcon_core.package_identification:_identify(contest/expert/robot_ws/src/turtlebot3/turtlebot3_description) by extension 'ros'
[1.465s] DEBUG:colcon.colcon_core.package_identification:Package 'contest/expert/robot_ws/src/turtlebot3/turtlebot3_description' with type 'ros.catkin' and name 'turtlebot3_description'
[1.465s] Level 1:colcon.colcon_core.package_identification:_identify(contest/expert/robot_ws/src/turtlebot3/turtlebot3_example) by extensions ['ignore', 'ignore_ament_install']
[1.465s] Level 1:colcon.colcon_core.package_identification:_identify(contest/expert/robot_ws/src/turtlebot3/turtlebot3_example) by extension 'ignore'
[1.465s] Level 1:colcon.colcon_core.package_identification:_identify(contest/expert/robot_ws/src/turtlebot3/turtlebot3_example) by extension 'ignore_ament_install'
[1.465s] Level 1:colcon.colcon_core.package_identification:_identify(contest/expert/robot_ws/src/turtlebot3/turtlebot3_example) by extensions ['colcon_pkg']
[1.465s] Level 1:colcon.colcon_core.package_identification:_identify(contest/expert/robot_ws/src/turtlebot3/turtlebot3_example) by extension 'colcon_pkg'
[1.466s] Level 1:colcon.colcon_core.package_identification:_identify(contest/expert/robot_ws/src/turtlebot3/turtlebot3_example) by extensions ['colcon_meta']
[1.466s] Level 1:colcon.colcon_core.package_identification:_identify(contest/expert/robot_ws/src/turtlebot3/turtlebot3_example) by extension 'colcon_meta'
[1.466s] Level 1:colcon.colcon_core.package_identification:_identify(contest/expert/robot_ws/src/turtlebot3/turtlebot3_example) by extensions ['ros']
[1.466s] Level 1:colcon.colcon_core.package_identification:_identify(contest/expert/robot_ws/src/turtlebot3/turtlebot3_example) by extension 'ros'
[1.468s] DEBUG:colcon.colcon_core.package_identification:Package 'contest/expert/robot_ws/src/turtlebot3/turtlebot3_example' with type 'ros.catkin' and name 'turtlebot3_example'
[1.468s] Level 1:colcon.colcon_core.package_identification:_identify(contest/expert/robot_ws/src/turtlebot3/turtlebot3_navigation) by extensions ['ignore', 'ignore_ament_install']
[1.468s] Level 1:colcon.colcon_core.package_identification:_identify(contest/expert/robot_ws/src/turtlebot3/turtlebot3_navigation) by extension 'ignore'
[1.468s] Level 1:colcon.colcon_core.package_identification:_identify(contest/expert/robot_ws/src/turtlebot3/turtlebot3_navigation) by extension 'ignore_ament_install'
[1.468s] Level 1:colcon.colcon_core.package_identification:_identify(contest/expert/robot_ws/src/turtlebot3/turtlebot3_navigation) by extensions ['colcon_pkg']
[1.468s] Level 1:colcon.colcon_core.package_identification:_identify(contest/expert/robot_ws/src/turtlebot3/turtlebot3_navigation) by extension 'colcon_pkg'
[1.468s] Level 1:colcon.colcon_core.package_identification:_identify(contest/expert/robot_ws/src/turtlebot3/turtlebot3_navigation) by extensions ['colcon_meta']
[1.468s] Level 1:colcon.colcon_core.package_identification:_identify(contest/expert/robot_ws/src/turtlebot3/turtlebot3_navigation) by extension 'colcon_meta'
[1.469s] Level 1:colcon.colcon_core.package_identification:_identify(contest/expert/robot_ws/src/turtlebot3/turtlebot3_navigation) by extensions ['ros']
[1.469s] Level 1:colcon.colcon_core.package_identification:_identify(contest/expert/robot_ws/src/turtlebot3/turtlebot3_navigation) by extension 'ros'
[1.469s] DEBUG:colcon.colcon_core.package_identification:Package 'contest/expert/robot_ws/src/turtlebot3/turtlebot3_navigation' with type 'ros.catkin' and name 'turtlebot3_navigation'
[1.470s] Level 1:colcon.colcon_core.package_identification:_identify(contest/expert/robot_ws/src/turtlebot3/turtlebot3_slam) by extensions ['ignore', 'ignore_ament_install']
[1.470s] Level 1:colcon.colcon_core.package_identification:_identify(contest/expert/robot_ws/src/turtlebot3/turtlebot3_slam) by extension 'ignore'
[1.470s] Level 1:colcon.colcon_core.package_identification:_identify(contest/expert/robot_ws/src/turtlebot3/turtlebot3_slam) by extension 'ignore_ament_install'
[1.470s] Level 1:colcon.colcon_core.package_identification:_identify(contest/expert/robot_ws/src/turtlebot3/turtlebot3_slam) by extensions ['colcon_pkg']
[1.470s] Level 1:colcon.colcon_core.package_identification:_identify(contest/expert/robot_ws/src/turtlebot3/turtlebot3_slam) by extension 'colcon_pkg'
[1.470s] Level 1:colcon.colcon_core.package_identification:_identify(contest/expert/robot_ws/src/turtlebot3/turtlebot3_slam) by extensions ['colcon_meta']
[1.470s] Level 1:colcon.colcon_core.package_identification:_identify(contest/expert/robot_ws/src/turtlebot3/turtlebot3_slam) by extension 'colcon_meta'
[1.470s] Level 1:colcon.colcon_core.package_identification:_identify(contest/expert/robot_ws/src/turtlebot3/turtlebot3_slam) by extensions ['ros']
[1.470s] Level 1:colcon.colcon_core.package_identification:_identify(contest/expert/robot_ws/src/turtlebot3/turtlebot3_slam) by extension 'ros'
[1.471s] DEBUG:colcon.colcon_core.package_identification:Package 'contest/expert/robot_ws/src/turtlebot3/turtlebot3_slam' with type 'ros.catkin' and name 'turtlebot3_slam'
[1.471s] Level 1:colcon.colcon_core.package_identification:_identify(contest/expert/simulation_ws) by extensions ['ignore', 'ignore_ament_install']
[1.471s] Level 1:colcon.colcon_core.package_identification:_identify(contest/expert/simulation_ws) by extension 'ignore'
[1.472s] Level 1:colcon.colcon_core.package_identification:_identify(contest/expert/simulation_ws) by extension 'ignore_ament_install'
[1.472s] Level 1:colcon.colcon_core.package_identification:_identify(contest/expert/simulation_ws) by extensions ['colcon_pkg']
[1.472s] Level 1:colcon.colcon_core.package_identification:_identify(contest/expert/simulation_ws) by extension 'colcon_pkg'
[1.472s] Level 1:colcon.colcon_core.package_identification:_identify(contest/expert/simulation_ws) by extensions ['colcon_meta']
[1.472s] Level 1:colcon.colcon_core.package_identification:_identify(contest/expert/simulation_ws) by extension 'colcon_meta'
[1.472s] Level 1:colcon.colcon_core.package_identification:_identify(contest/expert/simulation_ws) by extensions ['ros']
[1.472s] Level 1:colcon.colcon_core.package_identification:_identify(contest/expert/simulation_ws) by extension 'ros'
[1.472s] Level 1:colcon.colcon_core.package_identification:_identify(contest/expert/simulation_ws) by extensions ['cmake', 'python']
[1.472s] Level 1:colcon.colcon_core.package_identification:_identify(contest/expert/simulation_ws) by extension 'cmake'
[1.472s] Level 1:colcon.colcon_core.package_identification:_identify(contest/expert/simulation_ws) by extension 'python'
[1.472s] Level 1:colcon.colcon_core.package_identification:_identify(contest/expert/simulation_ws) by extensions ['python_setup_py']
[1.472s] Level 1:colcon.colcon_core.package_identification:_identify(contest/expert/simulation_ws) by extension 'python_setup_py'
[1.473s] Level 1:colcon.colcon_core.package_identification:_identify(contest/expert/simulation_ws/bundle) by extensions ['ignore', 'ignore_ament_install']
[1.473s] Level 1:colcon.colcon_core.package_identification:_identify(contest/expert/simulation_ws/bundle) by extension 'ignore'
[1.473s] Level 1:colcon.colcon_core.package_identification:_identify(contest/expert/simulation_ws/bundle) by extension 'ignore_ament_install'
[1.473s] Level 1:colcon.colcon_core.package_identification:_identify(contest/expert/simulation_ws/bundle) by extensions ['colcon_pkg']
[1.473s] Level 1:colcon.colcon_core.package_identification:_identify(contest/expert/simulation_ws/bundle) by extension 'colcon_pkg'
[1.473s] Level 1:colcon.colcon_core.package_identification:_identify(contest/expert/simulation_ws/bundle) by extensions ['colcon_meta']
[1.473s] Level 1:colcon.colcon_core.package_identification:_identify(contest/expert/simulation_ws/bundle) by extension 'colcon_meta'
[1.473s] Level 1:colcon.colcon_core.package_identification:_identify(contest/expert/simulation_ws/bundle) by extensions ['ros']
[1.473s] Level 1:colcon.colcon_core.package_identification:_identify(contest/expert/simulation_ws/bundle) by extension 'ros'
[1.473s] Level 1:colcon.colcon_core.package_identification:_identify(contest/expert/simulation_ws/bundle) by extensions ['cmake', 'python']
[1.473s] Level 1:colcon.colcon_core.package_identification:_identify(contest/expert/simulation_ws/bundle) by extension 'cmake'
[1.474s] Level 1:colcon.colcon_core.package_identification:_identify(contest/expert/simulation_ws/bundle) by extension 'python'
[1.474s] Level 1:colcon.colcon_core.package_identification:_identify(contest/expert/simulation_ws/bundle) by extensions ['python_setup_py']
[1.474s] Level 1:colcon.colcon_core.package_identification:_identify(contest/expert/simulation_ws/bundle) by extension 'python_setup_py'
[1.474s] Level 1:colcon.colcon_core.package_identification:_identify(contest/expert/templates) by extensions ['ignore', 'ignore_ament_install']
[1.474s] Level 1:colcon.colcon_core.package_identification:_identify(contest/expert/templates) by extension 'ignore'
[1.474s] Level 1:colcon.colcon_core.package_identification:_identify(contest/expert/templates) by extension 'ignore_ament_install'
[1.474s] Level 1:colcon.colcon_core.package_identification:_identify(contest/expert/templates) by extensions ['colcon_pkg']
[1.474s] Level 1:colcon.colcon_core.package_identification:_identify(contest/expert/templates) by extension 'colcon_pkg'
[1.474s] Level 1:colcon.colcon_core.package_identification:_identify(contest/expert/templates) by extensions ['colcon_meta']
[1.474s] Level 1:colcon.colcon_core.package_identification:_identify(contest/expert/templates) by extension 'colcon_meta'
[1.474s] Level 1:colcon.colcon_core.package_identification:_identify(contest/expert/templates) by extensions ['ros']
[1.474s] Level 1:colcon.colcon_core.package_identification:_identify(contest/expert/templates) by extension 'ros'
[1.475s] Level 1:colcon.colcon_core.package_identification:_identify(contest/expert/templates) by extensions ['cmake', 'python']
[1.475s] Level 1:colcon.colcon_core.package_identification:_identify(contest/expert/templates) by extension 'cmake'
[1.475s] Level 1:colcon.colcon_core.package_identification:_identify(contest/expert/templates) by extension 'python'
[1.475s] Level 1:colcon.colcon_core.package_identification:_identify(contest/expert/templates) by extensions ['python_setup_py']
[1.475s] Level 1:colcon.colcon_core.package_identification:_identify(contest/expert/templates) by extension 'python_setup_py'
[1.475s] Level 1:colcon.colcon_core.package_identification:_identify(contest/one-make) by extensions ['ignore', 'ignore_ament_install']
[1.475s] Level 1:colcon.colcon_core.package_identification:_identify(contest/one-make) by extension 'ignore'
[1.475s] Level 1:colcon.colcon_core.package_identification:_identify(contest/one-make) by extension 'ignore_ament_install'
[1.475s] Level 1:colcon.colcon_core.package_identification:_identify(contest/one-make) by extensions ['colcon_pkg']
[1.475s] Level 1:colcon.colcon_core.package_identification:_identify(contest/one-make) by extension 'colcon_pkg'
[1.475s] Level 1:colcon.colcon_core.package_identification:_identify(contest/one-make) by extensions ['colcon_meta']
[1.475s] Level 1:colcon.colcon_core.package_identification:_identify(contest/one-make) by extension 'colcon_meta'
[1.476s] Level 1:colcon.colcon_core.package_identification:_identify(contest/one-make) by extensions ['ros']
[1.476s] Level 1:colcon.colcon_core.package_identification:_identify(contest/one-make) by extension 'ros'
[1.476s] Level 1:colcon.colcon_core.package_identification:_identify(contest/one-make) by extensions ['cmake', 'python']
[1.476s] Level 1:colcon.colcon_core.package_identification:_identify(contest/one-make) by extension 'cmake'
[1.476s] Level 1:colcon.colcon_core.package_identification:_identify(contest/one-make) by extension 'python'
[1.476s] Level 1:colcon.colcon_core.package_identification:_identify(contest/one-make) by extensions ['python_setup_py']
[1.476s] Level 1:colcon.colcon_core.package_identification:_identify(contest/one-make) by extension 'python_setup_py'
[1.476s] Level 1:colcon.colcon_core.package_identification:_identify(contest/one-make/onemake_robot_ws) by extensions ['ignore', 'ignore_ament_install']
[1.476s] Level 1:colcon.colcon_core.package_identification:_identify(contest/one-make/onemake_robot_ws) by extension 'ignore'
[1.476s] Level 1:colcon.colcon_core.package_identification:_identify(contest/one-make/onemake_robot_ws) by extension 'ignore_ament_install'
[1.476s] Level 1:colcon.colcon_core.package_identification:_identify(contest/one-make/onemake_robot_ws) by extensions ['colcon_pkg']
[1.476s] Level 1:colcon.colcon_core.package_identification:_identify(contest/one-make/onemake_robot_ws) by extension 'colcon_pkg'
[1.477s] Level 1:colcon.colcon_core.package_identification:_identify(contest/one-make/onemake_robot_ws) by extensions ['colcon_meta']
[1.477s] Level 1:colcon.colcon_core.package_identification:_identify(contest/one-make/onemake_robot_ws) by extension 'colcon_meta'
[1.477s] Level 1:colcon.colcon_core.package_identification:_identify(contest/one-make/onemake_robot_ws) by extensions ['ros']
[1.477s] Level 1:colcon.colcon_core.package_identification:_identify(contest/one-make/onemake_robot_ws) by extension 'ros'
[1.477s] Level 1:colcon.colcon_core.package_identification:_identify(contest/one-make/onemake_robot_ws) by extensions ['cmake', 'python']
[1.477s] Level 1:colcon.colcon_core.package_identification:_identify(contest/one-make/onemake_robot_ws) by extension 'cmake'
[1.477s] Level 1:colcon.colcon_core.package_identification:_identify(contest/one-make/onemake_robot_ws) by extension 'python'
[1.477s] Level 1:colcon.colcon_core.package_identification:_identify(contest/one-make/onemake_robot_ws) by extensions ['python_setup_py']
[1.477s] Level 1:colcon.colcon_core.package_identification:_identify(contest/one-make/onemake_robot_ws) by extension 'python_setup_py'
[1.477s] Level 1:colcon.colcon_core.package_identification:_identify(contest/one-make/onemake_robot_ws/src) by extensions ['ignore', 'ignore_ament_install']
[1.477s] Level 1:colcon.colcon_core.package_identification:_identify(contest/one-make/onemake_robot_ws/src) by extension 'ignore'
[1.477s] Level 1:colcon.colcon_core.package_identification:_identify(contest/one-make/onemake_robot_ws/src) by extension 'ignore_ament_install'
[1.478s] Level 1:colcon.colcon_core.package_identification:_identify(contest/one-make/onemake_robot_ws/src) by extensions ['colcon_pkg']
[1.478s] Level 1:colcon.colcon_core.package_identification:_identify(contest/one-make/onemake_robot_ws/src) by extension 'colcon_pkg'
[1.478s] Level 1:colcon.colcon_core.package_identification:_identify(contest/one-make/onemake_robot_ws/src) by extensions ['colcon_meta']
[1.478s] Level 1:colcon.colcon_core.package_identification:_identify(contest/one-make/onemake_robot_ws/src) by extension 'colcon_meta'
[1.478s] Level 1:colcon.colcon_core.package_identification:_identify(contest/one-make/onemake_robot_ws/src) by extensions ['ros']
[1.478s] Level 1:colcon.colcon_core.package_identification:_identify(contest/one-make/onemake_robot_ws/src) by extension 'ros'
[1.478s] Level 1:colcon.colcon_core.package_identification:_identify(contest/one-make/onemake_robot_ws/src) by extensions ['cmake', 'python']
[1.478s] Level 1:colcon.colcon_core.package_identification:_identify(contest/one-make/onemake_robot_ws/src) by extension 'cmake'
[1.478s] Level 1:colcon.colcon_core.package_identification:_identify(contest/one-make/onemake_robot_ws/src) by extension 'python'
[1.478s] Level 1:colcon.colcon_core.package_identification:_identify(contest/one-make/onemake_robot_ws/src) by extensions ['python_setup_py']
[1.478s] Level 1:colcon.colcon_core.package_identification:_identify(contest/one-make/onemake_robot_ws/src) by extension 'python_setup_py'
[1.478s] Level 1:colcon.colcon_core.package_identification:_identify(contest/one-make/onemake_robot_ws/src/aws_game_manager) by extensions ['ignore', 'ignore_ament_install']
[1.479s] Level 1:colcon.colcon_core.package_identification:_identify(contest/one-make/onemake_robot_ws/src/aws_game_manager) by extension 'ignore'
[1.479s] Level 1:colcon.colcon_core.package_identification:_identify(contest/one-make/onemake_robot_ws/src/aws_game_manager) by extension 'ignore_ament_install'
[1.479s] Level 1:colcon.colcon_core.package_identification:_identify(contest/one-make/onemake_robot_ws/src/aws_game_manager) by extensions ['colcon_pkg']
[1.479s] Level 1:colcon.colcon_core.package_identification:_identify(contest/one-make/onemake_robot_ws/src/aws_game_manager) by extension 'colcon_pkg'
[1.479s] Level 1:colcon.colcon_core.package_identification:_identify(contest/one-make/onemake_robot_ws/src/aws_game_manager) by extensions ['colcon_meta']
[1.479s] Level 1:colcon.colcon_core.package_identification:_identify(contest/one-make/onemake_robot_ws/src/aws_game_manager) by extension 'colcon_meta'
[1.479s] Level 1:colcon.colcon_core.package_identification:_identify(contest/one-make/onemake_robot_ws/src/aws_game_manager) by extensions ['ros']
[1.479s] Level 1:colcon.colcon_core.package_identification:_identify(contest/one-make/onemake_robot_ws/src/aws_game_manager) by extension 'ros'
[1.480s] DEBUG:colcon.colcon_core.package_identification:Package 'contest/one-make/onemake_robot_ws/src/aws_game_manager' with type 'ros.catkin' and name 'aws_game_manager'
[1.480s] Level 1:colcon.colcon_core.package_identification:_identify(contest/one-make/onemake_simulation_ws) by extensions ['ignore', 'ignore_ament_install']
[1.480s] Level 1:colcon.colcon_core.package_identification:_identify(contest/one-make/onemake_simulation_ws) by extension 'ignore'
[1.480s] Level 1:colcon.colcon_core.package_identification:_identify(contest/one-make/onemake_simulation_ws) by extension 'ignore_ament_install'
[1.480s] Level 1:colcon.colcon_core.package_identification:_identify(contest/one-make/onemake_simulation_ws) by extensions ['colcon_pkg']
[1.481s] Level 1:colcon.colcon_core.package_identification:_identify(contest/one-make/onemake_simulation_ws) by extension 'colcon_pkg'
[1.481s] Level 1:colcon.colcon_core.package_identification:_identify(contest/one-make/onemake_simulation_ws) by extensions ['colcon_meta']
[1.481s] Level 1:colcon.colcon_core.package_identification:_identify(contest/one-make/onemake_simulation_ws) by extension 'colcon_meta'
[1.481s] Level 1:colcon.colcon_core.package_identification:_identify(contest/one-make/onemake_simulation_ws) by extensions ['ros']
[1.481s] Level 1:colcon.colcon_core.package_identification:_identify(contest/one-make/onemake_simulation_ws) by extension 'ros'
[1.481s] Level 1:colcon.colcon_core.package_identification:_identify(contest/one-make/onemake_simulation_ws) by extensions ['cmake', 'python']
[1.481s] Level 1:colcon.colcon_core.package_identification:_identify(contest/one-make/onemake_simulation_ws) by extension 'cmake'
[1.481s] Level 1:colcon.colcon_core.package_identification:_identify(contest/one-make/onemake_simulation_ws) by extension 'python'
[1.481s] Level 1:colcon.colcon_core.package_identification:_identify(contest/one-make/onemake_simulation_ws) by extensions ['python_setup_py']
[1.481s] Level 1:colcon.colcon_core.package_identification:_identify(contest/one-make/onemake_simulation_ws) by extension 'python_setup_py'
[1.481s] Level 1:colcon.colcon_core.package_identification:_identify(contest/one-make/onemake_simulation_ws/bundle) by extensions ['ignore', 'ignore_ament_install']
[1.482s] Level 1:colcon.colcon_core.package_identification:_identify(contest/one-make/onemake_simulation_ws/bundle) by extension 'ignore'
[1.482s] Level 1:colcon.colcon_core.package_identification:_identify(contest/one-make/onemake_simulation_ws/bundle) by extension 'ignore_ament_install'
[1.482s] Level 1:colcon.colcon_core.package_identification:_identify(contest/one-make/onemake_simulation_ws/bundle) by extensions ['colcon_pkg']
[1.482s] Level 1:colcon.colcon_core.package_identification:_identify(contest/one-make/onemake_simulation_ws/bundle) by extension 'colcon_pkg'
[1.482s] Level 1:colcon.colcon_core.package_identification:_identify(contest/one-make/onemake_simulation_ws/bundle) by extensions ['colcon_meta']
[1.482s] Level 1:colcon.colcon_core.package_identification:_identify(contest/one-make/onemake_simulation_ws/bundle) by extension 'colcon_meta'
[1.482s] Level 1:colcon.colcon_core.package_identification:_identify(contest/one-make/onemake_simulation_ws/bundle) by extensions ['ros']
[1.482s] Level 1:colcon.colcon_core.package_identification:_identify(contest/one-make/onemake_simulation_ws/bundle) by extension 'ros'
[1.482s] Level 1:colcon.colcon_core.package_identification:_identify(contest/one-make/onemake_simulation_ws/bundle) by extensions ['cmake', 'python']
[1.482s] Level 1:colcon.colcon_core.package_identification:_identify(contest/one-make/onemake_simulation_ws/bundle) by extension 'cmake'
[1.482s] Level 1:colcon.colcon_core.package_identification:_identify(contest/one-make/onemake_simulation_ws/bundle) by extension 'python'
[1.482s] Level 1:colcon.colcon_core.package_identification:_identify(contest/one-make/onemake_simulation_ws/bundle) by extensions ['python_setup_py']
[1.482s] Level 1:colcon.colcon_core.package_identification:_identify(contest/one-make/onemake_simulation_ws/bundle) by extension 'python_setup_py'
[1.483s] Level 1:colcon.colcon_core.package_identification:_identify(contest/one-make/templates) by extensions ['ignore', 'ignore_ament_install']
[1.483s] Level 1:colcon.colcon_core.package_identification:_identify(contest/one-make/templates) by extension 'ignore'
[1.483s] Level 1:colcon.colcon_core.package_identification:_identify(contest/one-make/templates) by extension 'ignore_ament_install'
[1.483s] Level 1:colcon.colcon_core.package_identification:_identify(contest/one-make/templates) by extensions ['colcon_pkg']
[1.483s] Level 1:colcon.colcon_core.package_identification:_identify(contest/one-make/templates) by extension 'colcon_pkg'
[1.483s] Level 1:colcon.colcon_core.package_identification:_identify(contest/one-make/templates) by extensions ['colcon_meta']
[1.483s] Level 1:colcon.colcon_core.package_identification:_identify(contest/one-make/templates) by extension 'colcon_meta'
[1.483s] Level 1:colcon.colcon_core.package_identification:_identify(contest/one-make/templates) by extensions ['ros']
[1.483s] Level 1:colcon.colcon_core.package_identification:_identify(contest/one-make/templates) by extension 'ros'
[1.483s] Level 1:colcon.colcon_core.package_identification:_identify(contest/one-make/templates) by extensions ['cmake', 'python']
[1.483s] Level 1:colcon.colcon_core.package_identification:_identify(contest/one-make/templates) by extension 'cmake'
[1.483s] Level 1:colcon.colcon_core.package_identification:_identify(contest/one-make/templates) by extension 'python'
[1.484s] Level 1:colcon.colcon_core.package_identification:_identify(contest/one-make/templates) by extensions ['python_setup_py']
[1.484s] Level 1:colcon.colcon_core.package_identification:_identify(contest/one-make/templates) by extension 'python_setup_py'
[1.484s] Level 1:colcon.colcon_core.package_identification:_identify(docs) by extensions ['ignore', 'ignore_ament_install']
[1.484s] Level 1:colcon.colcon_core.package_identification:_identify(docs) by extension 'ignore'
[1.484s] Level 1:colcon.colcon_core.package_identification:_identify(docs) by extension 'ignore_ament_install'
[1.484s] Level 1:colcon.colcon_core.package_identification:_identify(docs) by extensions ['colcon_pkg']
[1.484s] Level 1:colcon.colcon_core.package_identification:_identify(docs) by extension 'colcon_pkg'
[1.484s] Level 1:colcon.colcon_core.package_identification:_identify(docs) by extensions ['colcon_meta']
[1.484s] Level 1:colcon.colcon_core.package_identification:_identify(docs) by extension 'colcon_meta'
[1.484s] Level 1:colcon.colcon_core.package_identification:_identify(docs) by extensions ['ros']
[1.484s] Level 1:colcon.colcon_core.package_identification:_identify(docs) by extension 'ros'
[1.484s] Level 1:colcon.colcon_core.package_identification:_identify(docs) by extensions ['cmake', 'python']
[1.485s] Level 1:colcon.colcon_core.package_identification:_identify(docs) by extension 'cmake'
[1.485s] Level 1:colcon.colcon_core.package_identification:_identify(docs) by extension 'python'
[1.485s] Level 1:colcon.colcon_core.package_identification:_identify(docs) by extensions ['python_setup_py']
[1.485s] Level 1:colcon.colcon_core.package_identification:_identify(docs) by extension 'python_setup_py'
[1.485s] Level 1:colcon.colcon_core.package_identification:_identify(docs/images) by extensions ['ignore', 'ignore_ament_install']
[1.485s] Level 1:colcon.colcon_core.package_identification:_identify(docs/images) by extension 'ignore'
[1.485s] Level 1:colcon.colcon_core.package_identification:_identify(docs/images) by extension 'ignore_ament_install'
[1.485s] Level 1:colcon.colcon_core.package_identification:_identify(docs/images) by extensions ['colcon_pkg']
[1.485s] Level 1:colcon.colcon_core.package_identification:_identify(docs/images) by extension 'colcon_pkg'
[1.485s] Level 1:colcon.colcon_core.package_identification:_identify(docs/images) by extensions ['colcon_meta']
[1.485s] Level 1:colcon.colcon_core.package_identification:_identify(docs/images) by extension 'colcon_meta'
[1.485s] Level 1:colcon.colcon_core.package_identification:_identify(docs/images) by extensions ['ros']
[1.485s] Level 1:colcon.colcon_core.package_identification:_identify(docs/images) by extension 'ros'
[1.486s] Level 1:colcon.colcon_core.package_identification:_identify(docs/images) by extensions ['cmake', 'python']
[1.486s] Level 1:colcon.colcon_core.package_identification:_identify(docs/images) by extension 'cmake'
[1.486s] Level 1:colcon.colcon_core.package_identification:_identify(docs/images) by extension 'python'
[1.486s] Level 1:colcon.colcon_core.package_identification:_identify(docs/images) by extensions ['python_setup_py']
[1.486s] Level 1:colcon.colcon_core.package_identification:_identify(docs/images) by extension 'python_setup_py'
[1.486s] Level 1:colcon.colcon_core.package_identification:_identify(install) by extensions ['ignore', 'ignore_ament_install']
[1.486s] Level 1:colcon.colcon_core.package_identification:_identify(install) by extension 'ignore'
[1.486s] Level 1:colcon.colcon_core.package_identification:_identify(install) ignored
[1.486s] Level 1:colcon.colcon_core.package_identification:_identify(install_utils) by extensions ['ignore', 'ignore_ament_install']
[1.486s] Level 1:colcon.colcon_core.package_identification:_identify(install_utils) by extension 'ignore'
[1.487s] Level 1:colcon.colcon_core.package_identification:_identify(install_utils) by extension 'ignore_ament_install'
[1.487s] Level 1:colcon.colcon_core.package_identification:_identify(install_utils) by extensions ['colcon_pkg']
[1.487s] Level 1:colcon.colcon_core.package_identification:_identify(install_utils) by extension 'colcon_pkg'
[1.487s] Level 1:colcon.colcon_core.package_identification:_identify(install_utils) by extensions ['colcon_meta']
[1.487s] Level 1:colcon.colcon_core.package_identification:_identify(install_utils) by extension 'colcon_meta'
[1.487s] Level 1:colcon.colcon_core.package_identification:_identify(install_utils) by extensions ['ros']
[1.487s] Level 1:colcon.colcon_core.package_identification:_identify(install_utils) by extension 'ros'
[1.487s] Level 1:colcon.colcon_core.package_identification:_identify(install_utils) by extensions ['cmake', 'python']
[1.487s] Level 1:colcon.colcon_core.package_identification:_identify(install_utils) by extension 'cmake'
[1.487s] Level 1:colcon.colcon_core.package_identification:_identify(install_utils) by extension 'python'
[1.487s] Level 1:colcon.colcon_core.package_identification:_identify(install_utils) by extensions ['python_setup_py']
[1.487s] Level 1:colcon.colcon_core.package_identification:_identify(install_utils) by extension 'python_setup_py'
[1.487s] Level 1:colcon.colcon_core.package_identification:_identify(log) by extensions ['ignore', 'ignore_ament_install']
[1.488s] Level 1:colcon.colcon_core.package_identification:_identify(log) by extension 'ignore'
[1.488s] Level 1:colcon.colcon_core.package_identification:_identify(log) ignored
[1.488s] Level 1:colcon.colcon_core.package_identification:_identify(simulation_ws) by extensions ['ignore', 'ignore_ament_install']
[1.488s] Level 1:colcon.colcon_core.package_identification:_identify(simulation_ws) by extension 'ignore'
[1.488s] Level 1:colcon.colcon_core.package_identification:_identify(simulation_ws) by extension 'ignore_ament_install'
[1.488s] Level 1:colcon.colcon_core.package_identification:_identify(simulation_ws) by extensions ['colcon_pkg']
[1.488s] Level 1:colcon.colcon_core.package_identification:_identify(simulation_ws) by extension 'colcon_pkg'
[1.488s] Level 1:colcon.colcon_core.package_identification:_identify(simulation_ws) by extensions ['colcon_meta']
[1.488s] Level 1:colcon.colcon_core.package_identification:_identify(simulation_ws) by extension 'colcon_meta'
[1.488s] Level 1:colcon.colcon_core.package_identification:_identify(simulation_ws) by extensions ['ros']
[1.489s] Level 1:colcon.colcon_core.package_identification:_identify(simulation_ws) by extension 'ros'
[1.489s] Level 1:colcon.colcon_core.package_identification:_identify(simulation_ws) by extensions ['cmake', 'python']
[1.489s] Level 1:colcon.colcon_core.package_identification:_identify(simulation_ws) by extension 'cmake'
[1.489s] Level 1:colcon.colcon_core.package_identification:_identify(simulation_ws) by extension 'python'
[1.489s] Level 1:colcon.colcon_core.package_identification:_identify(simulation_ws) by extensions ['python_setup_py']
[1.489s] Level 1:colcon.colcon_core.package_identification:_identify(simulation_ws) by extension 'python_setup_py'
[1.489s] Level 1:colcon.colcon_core.package_identification:_identify(simulation_ws/build) by extensions ['ignore', 'ignore_ament_install']
[1.489s] Level 1:colcon.colcon_core.package_identification:_identify(simulation_ws/build) by extension 'ignore'
[1.489s] Level 1:colcon.colcon_core.package_identification:_identify(simulation_ws/build) ignored
[1.489s] Level 1:colcon.colcon_core.package_identification:_identify(simulation_ws/bundle) by extensions ['ignore', 'ignore_ament_install']
[1.490s] Level 1:colcon.colcon_core.package_identification:_identify(simulation_ws/bundle) by extension 'ignore'
[1.490s] Level 1:colcon.colcon_core.package_identification:_identify(simulation_ws/bundle) ignored
[1.490s] Level 1:colcon.colcon_core.package_identification:_identify(simulation_ws/install) by extensions ['ignore', 'ignore_ament_install']
[1.490s] Level 1:colcon.colcon_core.package_identification:_identify(simulation_ws/install) by extension 'ignore'
[1.490s] Level 1:colcon.colcon_core.package_identification:_identify(simulation_ws/install) ignored
[1.490s] Level 1:colcon.colcon_core.package_identification:_identify(simulation_ws/log) by extensions ['ignore', 'ignore_ament_install']
[1.490s] Level 1:colcon.colcon_core.package_identification:_identify(simulation_ws/log) by extension 'ignore'
[1.490s] Level 1:colcon.colcon_core.package_identification:_identify(simulation_ws/log) ignored
[1.490s] Level 1:colcon.colcon_core.package_identification:_identify(simulation_ws/src) by extensions ['ignore', 'ignore_ament_install']
[1.491s] Level 1:colcon.colcon_core.package_identification:_identify(simulation_ws/src) by extension 'ignore'
[1.491s] Level 1:colcon.colcon_core.package_identification:_identify(simulation_ws/src) by extension 'ignore_ament_install'
[1.491s] Level 1:colcon.colcon_core.package_identification:_identify(simulation_ws/src) by extensions ['colcon_pkg']
[1.491s] Level 1:colcon.colcon_core.package_identification:_identify(simulation_ws/src) by extension 'colcon_pkg'
[1.491s] Level 1:colcon.colcon_core.package_identification:_identify(simulation_ws/src) by extensions ['colcon_meta']
[1.491s] Level 1:colcon.colcon_core.package_identification:_identify(simulation_ws/src) by extension 'colcon_meta'
[1.491s] Level 1:colcon.colcon_core.package_identification:_identify(simulation_ws/src) by extensions ['ros']
[1.491s] Level 1:colcon.colcon_core.package_identification:_identify(simulation_ws/src) by extension 'ros'
[1.491s] Level 1:colcon.colcon_core.package_identification:_identify(simulation_ws/src) by extensions ['cmake', 'python']
[1.491s] Level 1:colcon.colcon_core.package_identification:_identify(simulation_ws/src) by extension 'cmake'
[1.491s] Level 1:colcon.colcon_core.package_identification:_identify(simulation_ws/src) by extension 'python'
[1.491s] Level 1:colcon.colcon_core.package_identification:_identify(simulation_ws/src) by extensions ['python_setup_py']
[1.491s] Level 1:colcon.colcon_core.package_identification:_identify(simulation_ws/src) by extension 'python_setup_py'
[1.492s] Level 1:colcon.colcon_core.package_identification:_identify(simulation_ws/src/delivery_challenge_simulation) by extensions ['ignore', 'ignore_ament_install']
[1.492s] Level 1:colcon.colcon_core.package_identification:_identify(simulation_ws/src/delivery_challenge_simulation) by extension 'ignore'
[1.492s] Level 1:colcon.colcon_core.package_identification:_identify(simulation_ws/src/delivery_challenge_simulation) by extension 'ignore_ament_install'
[1.492s] Level 1:colcon.colcon_core.package_identification:_identify(simulation_ws/src/delivery_challenge_simulation) by extensions ['colcon_pkg']
[1.492s] Level 1:colcon.colcon_core.package_identification:_identify(simulation_ws/src/delivery_challenge_simulation) by extension 'colcon_pkg'
[1.492s] Level 1:colcon.colcon_core.package_identification:_identify(simulation_ws/src/delivery_challenge_simulation) by extensions ['colcon_meta']
[1.492s] Level 1:colcon.colcon_core.package_identification:_identify(simulation_ws/src/delivery_challenge_simulation) by extension 'colcon_meta'
[1.492s] Level 1:colcon.colcon_core.package_identification:_identify(simulation_ws/src/delivery_challenge_simulation) by extensions ['ros']
[1.492s] Level 1:colcon.colcon_core.package_identification:_identify(simulation_ws/src/delivery_challenge_simulation) by extension 'ros'
[1.494s] DEBUG:colcon.colcon_core.package_identification:Package 'simulation_ws/src/delivery_challenge_simulation' with type 'ros.catkin' and name 'delivery_challenge_simulation'
[1.494s] Level 1:colcon.colcon_core.package_identification:_identify(simulation_ws/src/gazebo_plugins) by extensions ['ignore', 'ignore_ament_install']
[1.494s] Level 1:colcon.colcon_core.package_identification:_identify(simulation_ws/src/gazebo_plugins) by extension 'ignore'
[1.494s] Level 1:colcon.colcon_core.package_identification:_identify(simulation_ws/src/gazebo_plugins) by extension 'ignore_ament_install'
[1.494s] Level 1:colcon.colcon_core.package_identification:_identify(simulation_ws/src/gazebo_plugins) by extensions ['colcon_pkg']
[1.494s] Level 1:colcon.colcon_core.package_identification:_identify(simulation_ws/src/gazebo_plugins) by extension 'colcon_pkg'
[1.494s] Level 1:colcon.colcon_core.package_identification:_identify(simulation_ws/src/gazebo_plugins) by extensions ['colcon_meta']
[1.494s] Level 1:colcon.colcon_core.package_identification:_identify(simulation_ws/src/gazebo_plugins) by extension 'colcon_meta'
[1.494s] Level 1:colcon.colcon_core.package_identification:_identify(simulation_ws/src/gazebo_plugins) by extensions ['ros']
[1.494s] Level 1:colcon.colcon_core.package_identification:_identify(simulation_ws/src/gazebo_plugins) by extension 'ros'
[1.495s] Level 1:colcon.colcon_core.package_identification:_identify(simulation_ws/src/gazebo_plugins) by extensions ['cmake', 'python']
[1.495s] Level 1:colcon.colcon_core.package_identification:_identify(simulation_ws/src/gazebo_plugins) by extension 'cmake'
[1.495s] Level 1:colcon.colcon_core.package_identification:_identify(simulation_ws/src/gazebo_plugins) by extension 'python'
[1.495s] Level 1:colcon.colcon_core.package_identification:_identify(simulation_ws/src/gazebo_plugins) by extensions ['python_setup_py']
[1.495s] Level 1:colcon.colcon_core.package_identification:_identify(simulation_ws/src/gazebo_plugins) by extension 'python_setup_py'
[1.495s] Level 1:colcon.colcon_core.package_identification:_identify(simulation_ws/src/gazebo_plugins/pose_animation_plugin) by extensions ['ignore', 'ignore_ament_install']
[1.495s] Level 1:colcon.colcon_core.package_identification:_identify(simulation_ws/src/gazebo_plugins/pose_animation_plugin) by extension 'ignore'
[1.495s] Level 1:colcon.colcon_core.package_identification:_identify(simulation_ws/src/gazebo_plugins/pose_animation_plugin) by extension 'ignore_ament_install'
[1.495s] Level 1:colcon.colcon_core.package_identification:_identify(simulation_ws/src/gazebo_plugins/pose_animation_plugin) by extensions ['colcon_pkg']
[1.495s] Level 1:colcon.colcon_core.package_identification:_identify(simulation_ws/src/gazebo_plugins/pose_animation_plugin) by extension 'colcon_pkg'
[1.495s] Level 1:colcon.colcon_core.package_identification:_identify(simulation_ws/src/gazebo_plugins/pose_animation_plugin) by extensions ['colcon_meta']
[1.495s] Level 1:colcon.colcon_core.package_identification:_identify(simulation_ws/src/gazebo_plugins/pose_animation_plugin) by extension 'colcon_meta'
[1.496s] Level 1:colcon.colcon_core.package_identification:_identify(simulation_ws/src/gazebo_plugins/pose_animation_plugin) by extensions ['ros']
[1.496s] Level 1:colcon.colcon_core.package_identification:_identify(simulation_ws/src/gazebo_plugins/pose_animation_plugin) by extension 'ros'
[1.496s] DEBUG:colcon.colcon_core.package_identification:Package 'simulation_ws/src/gazebo_plugins/pose_animation_plugin' with type 'ros.catkin' and name 'pose_animation_plugin'
[1.496s] Level 1:colcon.colcon_core.package_identification:_identify(simulation_ws/src/turtlebot3) by extensions ['ignore', 'ignore_ament_install']
[1.496s] Level 1:colcon.colcon_core.package_identification:_identify(simulation_ws/src/turtlebot3) by extension 'ignore'
[1.497s] Level 1:colcon.colcon_core.package_identification:_identify(simulation_ws/src/turtlebot3) by extension 'ignore_ament_install'
[1.497s] Level 1:colcon.colcon_core.package_identification:_identify(simulation_ws/src/turtlebot3) by extensions ['colcon_pkg']
[1.497s] Level 1:colcon.colcon_core.package_identification:_identify(simulation_ws/src/turtlebot3) by extension 'colcon_pkg'
[1.497s] Level 1:colcon.colcon_core.package_identification:_identify(simulation_ws/src/turtlebot3) by extensions ['colcon_meta']
[1.497s] Level 1:colcon.colcon_core.package_identification:_identify(simulation_ws/src/turtlebot3) by extension 'colcon_meta'
[1.497s] Level 1:colcon.colcon_core.package_identification:_identify(simulation_ws/src/turtlebot3) by extensions ['ros']
[1.497s] Level 1:colcon.colcon_core.package_identification:_identify(simulation_ws/src/turtlebot3) by extension 'ros'
[1.497s] Level 1:colcon.colcon_core.package_identification:_identify(simulation_ws/src/turtlebot3) by extensions ['cmake', 'python']
[1.497s] Level 1:colcon.colcon_core.package_identification:_identify(simulation_ws/src/turtlebot3) by extension 'cmake'
[1.497s] Level 1:colcon.colcon_core.package_identification:_identify(simulation_ws/src/turtlebot3) by extension 'python'
[1.497s] Level 1:colcon.colcon_core.package_identification:_identify(simulation_ws/src/turtlebot3) by extensions ['python_setup_py']
[1.497s] Level 1:colcon.colcon_core.package_identification:_identify(simulation_ws/src/turtlebot3) by extension 'python_setup_py'
[1.498s] Level 1:colcon.colcon_core.package_identification:_identify(simulation_ws/src/turtlebot3/turtlebot3_description) by extensions ['ignore', 'ignore_ament_install']
[1.498s] Level 1:colcon.colcon_core.package_identification:_identify(simulation_ws/src/turtlebot3/turtlebot3_description) by extension 'ignore'
[1.498s] Level 1:colcon.colcon_core.package_identification:_identify(simulation_ws/src/turtlebot3/turtlebot3_description) by extension 'ignore_ament_install'
[1.498s] Level 1:colcon.colcon_core.package_identification:_identify(simulation_ws/src/turtlebot3/turtlebot3_description) by extensions ['colcon_pkg']
[1.498s] Level 1:colcon.colcon_core.package_identification:_identify(simulation_ws/src/turtlebot3/turtlebot3_description) by extension 'colcon_pkg'
[1.498s] Level 1:colcon.colcon_core.package_identification:_identify(simulation_ws/src/turtlebot3/turtlebot3_description) by extensions ['colcon_meta']
[1.498s] Level 1:colcon.colcon_core.package_identification:_identify(simulation_ws/src/turtlebot3/turtlebot3_description) by extension 'colcon_meta'
[1.498s] Level 1:colcon.colcon_core.package_identification:_identify(simulation_ws/src/turtlebot3/turtlebot3_description) by extensions ['ros']
[1.498s] Level 1:colcon.colcon_core.package_identification:_identify(simulation_ws/src/turtlebot3/turtlebot3_description) by extension 'ros'
[1.500s] DEBUG:colcon.colcon_core.package_identification:Package 'simulation_ws/src/turtlebot3/turtlebot3_description' with type 'ros.catkin' and name 'turtlebot3_description'
[1.500s] Level 1:colcon.colcon_core.package_identification:_identify(simulation_ws/src/turtlebot3/turtlebot3_example) by extensions ['ignore', 'ignore_ament_install']
[1.500s] Level 1:colcon.colcon_core.package_identification:_identify(simulation_ws/src/turtlebot3/turtlebot3_example) by extension 'ignore'
[1.500s] Level 1:colcon.colcon_core.package_identification:_identify(simulation_ws/src/turtlebot3/turtlebot3_example) by extension 'ignore_ament_install'
[1.500s] Level 1:colcon.colcon_core.package_identification:_identify(simulation_ws/src/turtlebot3/turtlebot3_example) by extensions ['colcon_pkg']
[1.500s] Level 1:colcon.colcon_core.package_identification:_identify(simulation_ws/src/turtlebot3/turtlebot3_example) by extension 'colcon_pkg'
[1.500s] Level 1:colcon.colcon_core.package_identification:_identify(simulation_ws/src/turtlebot3/turtlebot3_example) by extensions ['colcon_meta']
[1.500s] Level 1:colcon.colcon_core.package_identification:_identify(simulation_ws/src/turtlebot3/turtlebot3_example) by extension 'colcon_meta'
[1.501s] Level 1:colcon.colcon_core.package_identification:_identify(simulation_ws/src/turtlebot3/turtlebot3_example) by extensions ['ros']
[1.501s] Level 1:colcon.colcon_core.package_identification:_identify(simulation_ws/src/turtlebot3/turtlebot3_example) by extension 'ros'
[1.503s] DEBUG:colcon.colcon_core.package_identification:Package 'simulation_ws/src/turtlebot3/turtlebot3_example' with type 'ros.catkin' and name 'turtlebot3_example'
[1.503s] Level 1:colcon.colcon_core.package_identification:_identify(simulation_ws/src/turtlebot3/turtlebot3_navigation) by extensions ['ignore', 'ignore_ament_install']
[1.503s] Level 1:colcon.colcon_core.package_identification:_identify(simulation_ws/src/turtlebot3/turtlebot3_navigation) by extension 'ignore'
[1.504s] Level 1:colcon.colcon_core.package_identification:_identify(simulation_ws/src/turtlebot3/turtlebot3_navigation) by extension 'ignore_ament_install'
[1.504s] Level 1:colcon.colcon_core.package_identification:_identify(simulation_ws/src/turtlebot3/turtlebot3_navigation) by extensions ['colcon_pkg']
[1.504s] Level 1:colcon.colcon_core.package_identification:_identify(simulation_ws/src/turtlebot3/turtlebot3_navigation) by extension 'colcon_pkg'
[1.504s] Level 1:colcon.colcon_core.package_identification:_identify(simulation_ws/src/turtlebot3/turtlebot3_navigation) by extensions ['colcon_meta']
[1.504s] Level 1:colcon.colcon_core.package_identification:_identify(simulation_ws/src/turtlebot3/turtlebot3_navigation) by extension 'colcon_meta'
[1.504s] Level 1:colcon.colcon_core.package_identification:_identify(simulation_ws/src/turtlebot3/turtlebot3_navigation) by extensions ['ros']
[1.504s] Level 1:colcon.colcon_core.package_identification:_identify(simulation_ws/src/turtlebot3/turtlebot3_navigation) by extension 'ros'
[1.505s] DEBUG:colcon.colcon_core.package_identification:Package 'simulation_ws/src/turtlebot3/turtlebot3_navigation' with type 'ros.catkin' and name 'turtlebot3_navigation'
[1.505s] Level 1:colcon.colcon_core.package_identification:_identify(simulation_ws/src/turtlebot3/turtlebot3_slam) by extensions ['ignore', 'ignore_ament_install']
[1.506s] Level 1:colcon.colcon_core.package_identification:_identify(simulation_ws/src/turtlebot3/turtlebot3_slam) by extension 'ignore'
[1.506s] Level 1:colcon.colcon_core.package_identification:_identify(simulation_ws/src/turtlebot3/turtlebot3_slam) by extension 'ignore_ament_install'
[1.506s] Level 1:colcon.colcon_core.package_identification:_identify(simulation_ws/src/turtlebot3/turtlebot3_slam) by extensions ['colcon_pkg']
[1.506s] Level 1:colcon.colcon_core.package_identification:_identify(simulation_ws/src/turtlebot3/turtlebot3_slam) by extension 'colcon_pkg'
[1.506s] Level 1:colcon.colcon_core.package_identification:_identify(simulation_ws/src/turtlebot3/turtlebot3_slam) by extensions ['colcon_meta']
[1.506s] Level 1:colcon.colcon_core.package_identification:_identify(simulation_ws/src/turtlebot3/turtlebot3_slam) by extension 'colcon_meta'
[1.506s] Level 1:colcon.colcon_core.package_identification:_identify(simulation_ws/src/turtlebot3/turtlebot3_slam) by extensions ['ros']
[1.506s] Level 1:colcon.colcon_core.package_identification:_identify(simulation_ws/src/turtlebot3/turtlebot3_slam) by extension 'ros'
[1.508s] DEBUG:colcon.colcon_core.package_identification:Package 'simulation_ws/src/turtlebot3/turtlebot3_slam' with type 'ros.catkin' and name 'turtlebot3_slam'
[1.508s] Level 1:colcon.colcon_core.package_identification:_identify(templates) by extensions ['ignore', 'ignore_ament_install']
[1.508s] Level 1:colcon.colcon_core.package_identification:_identify(templates) by extension 'ignore'
[1.508s] Level 1:colcon.colcon_core.package_identification:_identify(templates) by extension 'ignore_ament_install'
[1.508s] Level 1:colcon.colcon_core.package_identification:_identify(templates) by extensions ['colcon_pkg']
[1.508s] Level 1:colcon.colcon_core.package_identification:_identify(templates) by extension 'colcon_pkg'
[1.508s] Level 1:colcon.colcon_core.package_identification:_identify(templates) by extensions ['colcon_meta']
[1.508s] Level 1:colcon.colcon_core.package_identification:_identify(templates) by extension 'colcon_meta'
[1.508s] Level 1:colcon.colcon_core.package_identification:_identify(templates) by extensions ['ros']
[1.509s] Level 1:colcon.colcon_core.package_identification:_identify(templates) by extension 'ros'
[1.509s] Level 1:colcon.colcon_core.package_identification:_identify(templates) by extensions ['cmake', 'python']
[1.509s] Level 1:colcon.colcon_core.package_identification:_identify(templates) by extension 'cmake'
[1.509s] Level 1:colcon.colcon_core.package_identification:_identify(templates) by extension 'python'
[1.509s] Level 1:colcon.colcon_core.package_identification:_identify(templates) by extensions ['python_setup_py']
[1.509s] Level 1:colcon.colcon_core.package_identification:_identify(templates) by extension 'python_setup_py'
[1.509s] Level 1:colcon.colcon_core.package_discovery:discover_packages(recursive) using defaults
[1.509s] Level 1:colcon.colcon_core.package_discovery:discover_packages(ignore) discover
[1.509s] Level 1:colcon.colcon_core.package_discovery:discover_packages(ignore) using defaults
[1.509s] Level 1:colcon.colcon_core.package_discovery:discover_packages(path) discover
[1.509s] Level 1:colcon.colcon_core.package_discovery:discover_packages(path) using defaults
[1.591s] ERROR:colcon:colcon build: Duplicate package names not supported:
- aws_game_manager:
  - contest/expert/robot_ws/src/aws_game_manager
  - contest/one-make/onemake_robot_ws/src/aws_game_manager
- turtlebot3_description:
  - contest/expert/robot_ws/src/turtlebot3/turtlebot3_description
  - simulation_ws/src/turtlebot3/turtlebot3_description
- turtlebot3_example:
  - contest/expert/robot_ws/src/turtlebot3/turtlebot3_example
  - simulation_ws/src/turtlebot3/turtlebot3_example
- turtlebot3_navigation:
  - contest/expert/robot_ws/src/turtlebot3/turtlebot3_navigation
  - simulation_ws/src/turtlebot3/turtlebot3_navigation
- turtlebot3_slam:
  - contest/expert/robot_ws/src/turtlebot3/turtlebot3_slam
  - simulation_ws/src/turtlebot3/turtlebot3_slam
